[debug] [2022-10-06T03:16:51.859Z] ----------------------------------------------------------------------
[debug] [2022-10-06T03:16:51.861Z] Command:       /Users/tony/.nvm/versions/node/v14.19.1/bin/node /Users/tony/.nvm/versions/node/v14.19.1/bin/firebase deploy --only functions
[debug] [2022-10-06T03:16:51.862Z] CLI Version:   11.11.0
[debug] [2022-10-06T03:16:51.862Z] Platform:      darwin
[debug] [2022-10-06T03:16:51.862Z] Node Version:  v14.19.1
[debug] [2022-10-06T03:16:51.863Z] Time:          Thu Oct 06 2022 05:16:51 GMT+0200 (Central European Summer Time)
[debug] [2022-10-06T03:16:51.863Z] ----------------------------------------------------------------------
[debug] 
[debug] [2022-10-06T03:16:51.927Z] > command requires scopes: ["email","openid","https://www.googleapis.com/auth/cloudplatformprojects.readonly","https://www.googleapis.com/auth/firebase","https://www.googleapis.com/auth/cloud-platform"]
[debug] [2022-10-06T03:16:51.927Z] > authorizing via signed-in user (tony@mobiworld.org)
[debug] [2022-10-06T03:16:51.927Z] [iam] checking project asbc-b3f7a for permissions ["cloudfunctions.functions.create","cloudfunctions.functions.delete","cloudfunctions.functions.get","cloudfunctions.functions.list","cloudfunctions.functions.update","cloudfunctions.operations.get","firebase.projects.get"]
[debug] [2022-10-06T03:16:51.929Z] >>> [apiv2][query] POST https://cloudresourcemanager.googleapis.com/v1/projects/asbc-b3f7a:testIamPermissions [none]
[debug] [2022-10-06T03:16:51.929Z] >>> [apiv2][(partial)header] POST https://cloudresourcemanager.googleapis.com/v1/projects/asbc-b3f7a:testIamPermissions x-goog-quota-user=projects/asbc-b3f7a
[debug] [2022-10-06T03:16:51.929Z] >>> [apiv2][body] POST https://cloudresourcemanager.googleapis.com/v1/projects/asbc-b3f7a:testIamPermissions {"permissions":["cloudfunctions.functions.create","cloudfunctions.functions.delete","cloudfunctions.functions.get","cloudfunctions.functions.list","cloudfunctions.functions.update","cloudfunctions.operations.get","firebase.projects.get"]}
[debug] [2022-10-06T03:16:52.209Z] <<< [apiv2][status] POST https://cloudresourcemanager.googleapis.com/v1/projects/asbc-b3f7a:testIamPermissions 200
[debug] [2022-10-06T03:16:52.209Z] <<< [apiv2][body] POST https://cloudresourcemanager.googleapis.com/v1/projects/asbc-b3f7a:testIamPermissions {"permissions":["cloudfunctions.functions.create","cloudfunctions.functions.delete","cloudfunctions.functions.get","cloudfunctions.functions.list","cloudfunctions.functions.update","cloudfunctions.operations.get","firebase.projects.get"]}
[debug] [2022-10-06T03:16:52.210Z] >>> [apiv2][query] POST https://iam.googleapis.com/v1/projects/asbc-b3f7a/serviceAccounts/asbc-b3f7a@appspot.gserviceaccount.com:testIamPermissions [none]
[debug] [2022-10-06T03:16:52.210Z] >>> [apiv2][body] POST https://iam.googleapis.com/v1/projects/asbc-b3f7a/serviceAccounts/asbc-b3f7a@appspot.gserviceaccount.com:testIamPermissions {"permissions":["iam.serviceAccounts.actAs"]}
[debug] [2022-10-06T03:16:52.462Z] <<< [apiv2][status] POST https://iam.googleapis.com/v1/projects/asbc-b3f7a/serviceAccounts/asbc-b3f7a@appspot.gserviceaccount.com:testIamPermissions 200
[debug] [2022-10-06T03:16:52.462Z] <<< [apiv2][body] POST https://iam.googleapis.com/v1/projects/asbc-b3f7a/serviceAccounts/asbc-b3f7a@appspot.gserviceaccount.com:testIamPermissions {"permissions":["iam.serviceAccounts.actAs"]}
[info] 
[info] === Deploying to 'asbc-b3f7a'...
[info] 
[info] i  deploying functions 
[info] Running command: npm --prefix "$RESOURCE_DIR" run lint
[info] ✔  functions: Finished running predeploy script. 
[debug] [2022-10-06T03:16:54.165Z] >>> [apiv2][query] GET https://firebase.googleapis.com/v1beta1/projects/asbc-b3f7a [none]
[debug] [2022-10-06T03:16:54.484Z] <<< [apiv2][status] GET https://firebase.googleapis.com/v1beta1/projects/asbc-b3f7a 200
[debug] [2022-10-06T03:16:54.485Z] <<< [apiv2][body] GET https://firebase.googleapis.com/v1beta1/projects/asbc-b3f7a {"projectId":"asbc-b3f7a","projectNumber":"702707525159","displayName":"ASBC","name":"projects/asbc-b3f7a","resources":{"hostingSite":"asbc-b3f7a","storageBucket":"asbc-b3f7a.appspot.com","locationId":"europe-west"},"state":"ACTIVE","etag":"1_754a847b-b194-4b68-b5ff-533ac8aa9419"}
[info] i  functions: ensuring required API cloudfunctions.googleapis.com is enabled... 
[info] i  functions: ensuring required API cloudbuild.googleapis.com is enabled... 
[info] i  artifactregistry: ensuring required API artifactregistry.googleapis.com is enabled... 
[debug] [2022-10-06T03:16:54.487Z] >>> [apiv2][query] GET https://serviceusage.googleapis.com/v1/projects/asbc-b3f7a/services/cloudfunctions.googleapis.com [none]
[debug] [2022-10-06T03:16:54.488Z] >>> [apiv2][(partial)header] GET https://serviceusage.googleapis.com/v1/projects/asbc-b3f7a/services/cloudfunctions.googleapis.com x-goog-quota-user=projects/asbc-b3f7a
[debug] [2022-10-06T03:16:54.489Z] >>> [apiv2][query] GET https://serviceusage.googleapis.com/v1/projects/asbc-b3f7a/services/runtimeconfig.googleapis.com [none]
[debug] [2022-10-06T03:16:54.489Z] >>> [apiv2][(partial)header] GET https://serviceusage.googleapis.com/v1/projects/asbc-b3f7a/services/runtimeconfig.googleapis.com x-goog-quota-user=projects/asbc-b3f7a
[debug] [2022-10-06T03:16:54.490Z] >>> [apiv2][query] GET https://serviceusage.googleapis.com/v1/projects/asbc-b3f7a/services/cloudbuild.googleapis.com [none]
[debug] [2022-10-06T03:16:54.490Z] >>> [apiv2][(partial)header] GET https://serviceusage.googleapis.com/v1/projects/asbc-b3f7a/services/cloudbuild.googleapis.com x-goog-quota-user=projects/asbc-b3f7a
[debug] [2022-10-06T03:16:54.491Z] >>> [apiv2][query] GET https://serviceusage.googleapis.com/v1/projects/asbc-b3f7a/services/artifactregistry.googleapis.com [none]
[debug] [2022-10-06T03:16:54.491Z] >>> [apiv2][(partial)header] GET https://serviceusage.googleapis.com/v1/projects/asbc-b3f7a/services/artifactregistry.googleapis.com x-goog-quota-user=projects/asbc-b3f7a
[debug] [2022-10-06T03:16:55.427Z] <<< [apiv2][status] GET https://serviceusage.googleapis.com/v1/projects/asbc-b3f7a/services/artifactregistry.googleapis.com 200
[debug] [2022-10-06T03:16:55.427Z] <<< [apiv2][body] GET https://serviceusage.googleapis.com/v1/projects/asbc-b3f7a/services/artifactregistry.googleapis.com [omitted]
[info] ✔  artifactregistry: required API artifactregistry.googleapis.com is enabled 
[debug] [2022-10-06T03:16:55.428Z] <<< [apiv2][status] GET https://serviceusage.googleapis.com/v1/projects/asbc-b3f7a/services/runtimeconfig.googleapis.com 200
[debug] [2022-10-06T03:16:55.428Z] <<< [apiv2][body] GET https://serviceusage.googleapis.com/v1/projects/asbc-b3f7a/services/runtimeconfig.googleapis.com [omitted]
[debug] [2022-10-06T03:16:55.429Z] <<< [apiv2][status] GET https://serviceusage.googleapis.com/v1/projects/asbc-b3f7a/services/cloudfunctions.googleapis.com 200
[debug] [2022-10-06T03:16:55.429Z] <<< [apiv2][body] GET https://serviceusage.googleapis.com/v1/projects/asbc-b3f7a/services/cloudfunctions.googleapis.com [omitted]
[info] ✔  functions: required API cloudfunctions.googleapis.com is enabled 
[debug] [2022-10-06T03:16:55.430Z] <<< [apiv2][status] GET https://serviceusage.googleapis.com/v1/projects/asbc-b3f7a/services/cloudbuild.googleapis.com 200
[debug] [2022-10-06T03:16:55.431Z] <<< [apiv2][body] GET https://serviceusage.googleapis.com/v1/projects/asbc-b3f7a/services/cloudbuild.googleapis.com [omitted]
[info] ✔  functions: required API cloudbuild.googleapis.com is enabled 
[debug] [2022-10-06T03:16:55.431Z] >>> [apiv2][query] GET https://firebase.googleapis.com/v1beta1/projects/asbc-b3f7a/adminSdkConfig [none]
[debug] [2022-10-06T03:16:55.695Z] <<< [apiv2][status] GET https://firebase.googleapis.com/v1beta1/projects/asbc-b3f7a/adminSdkConfig 200
[debug] [2022-10-06T03:16:55.695Z] <<< [apiv2][body] GET https://firebase.googleapis.com/v1beta1/projects/asbc-b3f7a/adminSdkConfig {"projectId":"asbc-b3f7a","storageBucket":"asbc-b3f7a.appspot.com","locationId":"europe-west"}
[debug] [2022-10-06T03:16:55.696Z] >>> [apiv2][query] GET https://runtimeconfig.googleapis.com/v1beta1/projects/asbc-b3f7a/configs [none]
[debug] [2022-10-06T03:16:56.099Z] <<< [apiv2][status] GET https://runtimeconfig.googleapis.com/v1beta1/projects/asbc-b3f7a/configs 200
[debug] [2022-10-06T03:16:56.099Z] <<< [apiv2][body] GET https://runtimeconfig.googleapis.com/v1beta1/projects/asbc-b3f7a/configs {}
[info] i  functions: preparing codebase default for deployment 
[debug] [2022-10-06T03:16:56.101Z] Validating nodejs source
[debug] [2022-10-06T03:16:57.707Z] > [functions] package.json contents: {
  "name": "functions",
  "description": "Cloud Functions for Firebase",
  "scripts": {
    "lint": "eslint .",
    "serve": "firebase emulators:start --only functions",
    "shell": "firebase functions:shell",
    "start": "npm run shell",
    "deploy": "firebase deploy --only functions",
    "logs": "firebase functions:log"
  },
  "engines": {
    "node": "14"
  },
  "main": "index.js",
  "dependencies": {
    "@typescript-eslint/parser": "^5.38.1",
    "firebase-admin": "^10.0.2",
    "firebase-functions": "^3.18.0"
  },
  "devDependencies": {
    "@typescript-eslint/eslint-plugin": "^5.38.1",
    "eslint": "^8.9.0",
    "eslint-config-google": "^0.14.0",
    "eslint-plugin-import": "^2.26.0",
    "firebase-functions-test": "^0.2.0",
    "typescript-eslint": "^0.0.1-alpha.0",
    "typescript-eslint-parser": "^22.0.0"
  },
  "private": true
}
[debug] [2022-10-06T03:16:57.708Z] Building nodejs source
[debug] [2022-10-06T03:16:57.710Z] Could not find functions.yaml. Must use http discovery
[debug] [2022-10-06T03:16:57.943Z] Serving at port 9005

[debug] [2022-10-06T03:16:58.024Z] Got response from /__/functions.yaml {"endpoints":{"homepage_images":{"platform":"gcfv1","region":["europe-west2"],"httpsTrigger":{},"entryPoint":"homepage_images"},"articles":{"platform":"gcfv1","region":["europe-west2"],"httpsTrigger":{},"entryPoint":"articles"},"events":{"platform":"gcfv1","region":["europe-west2"],"httpsTrigger":{},"entryPoint":"events"},"social_videos":{"platform":"gcfv1","region":["europe-west2"],"httpsTrigger":{},"entryPoint":"social_videos"},"homepage_social_videos":{"platform":"gcfv1","region":["europe-west2"],"httpsTrigger":{},"entryPoint":"homepage_social_videos"},"homepage_articles":{"platform":"gcfv1","region":["europe-west2"],"httpsTrigger":{},"entryPoint":"homepage_articles"},"homepage_events":{"platform":"gcfv1","region":["europe-west2"],"httpsTrigger":{},"entryPoint":"homepage_events"},"get_new_by_id":{"platform":"gcfv1","region":["europe-west2"],"httpsTrigger":{},"entryPoint":"get_new_by_id"}},"specVersion":"v1alpha1","requiredAPIs":[]}
[debug] [2022-10-06T03:16:58.032Z] shutdown requested via /__/quitquitquit

[info] i  functions: preparing functions directory for uploading... 
[info] i  functions: packaged /Users/tony/Desktop/mobiworld/ADSA/asbc-functions/functions (99.57 KB) for uploading 
[debug] [2022-10-06T03:16:58.098Z] >>> [apiv2][query] GET https://cloudfunctions.googleapis.com/v1/projects/asbc-b3f7a/locations/-/functions [none]
[debug] [2022-10-06T03:16:58.698Z] <<< [apiv2][status] GET https://cloudfunctions.googleapis.com/v1/projects/asbc-b3f7a/locations/-/functions 200
[debug] [2022-10-06T03:16:58.698Z] <<< [apiv2][body] GET https://cloudfunctions.googleapis.com/v1/projects/asbc-b3f7a/locations/-/functions {"functions":[{"name":"projects/asbc-b3f7a/locations/europe-west2/functions/articles","httpsTrigger":{"url":"https://europe-west2-asbc-b3f7a.cloudfunctions.net/articles","securityLevel":"SECURE_ALWAYS"},"status":"ACTIVE","entryPoint":"articles","timeout":"60s","availableMemoryMb":256,"serviceAccountEmail":"asbc-b3f7a@appspot.gserviceaccount.com","updateTime":"2022-10-06T03:03:50.065Z","versionId":"8","labels":{"deployment-tool":"cli-firebase"},"sourceUploadUrl":"https://storage.googleapis.com/uploads-65146518682.europe-west2.cloudfunctions.appspot.com/4bfa726d-8696-4a3c-bf78-cad24697ff73.zip","environmentVariables":{"FIREBASE_CONFIG":"{\"projectId\":\"asbc-b3f7a\",\"storageBucket\":\"asbc-b3f7a.appspot.com\",\"locationId\":\"europe-west\"}","GCLOUD_PROJECT":"asbc-b3f7a"},"runtime":"nodejs14","ingressSettings":"ALLOW_ALL","buildId":"31f80265-48f3-43d8-95ed-0ca122d7c1e6","buildName":"projects/702707525159/locations/europe-west2/builds/31f80265-48f3-43d8-95ed-0ca122d7c1e6","dockerRegistry":"ARTIFACT_REGISTRY"},{"name":"projects/asbc-b3f7a/locations/europe-west2/functions/events","httpsTrigger":{"url":"https://europe-west2-asbc-b3f7a.cloudfunctions.net/events","securityLevel":"SECURE_ALWAYS"},"status":"ACTIVE","entryPoint":"events","timeout":"60s","availableMemoryMb":256,"serviceAccountEmail":"asbc-b3f7a@appspot.gserviceaccount.com","updateTime":"2022-10-06T03:03:53.747Z","versionId":"8","labels":{"deployment-tool":"cli-firebase"},"sourceUploadUrl":"https://storage.googleapis.com/uploads-65146518682.europe-west2.cloudfunctions.appspot.com/4bfa726d-8696-4a3c-bf78-cad24697ff73.zip","environmentVariables":{"FIREBASE_CONFIG":"{\"projectId\":\"asbc-b3f7a\",\"storageBucket\":\"asbc-b3f7a.appspot.com\",\"locationId\":\"europe-west\"}","GCLOUD_PROJECT":"asbc-b3f7a"},"runtime":"nodejs14","ingressSettings":"ALLOW_ALL","buildId":"31f80265-48f3-43d8-95ed-0ca122d7c1e6","buildName":"projects/702707525159/locations/europe-west2/builds/31f80265-48f3-43d8-95ed-0ca122d7c1e6","dockerRegistry":"ARTIFACT_REGISTRY"},{"name":"projects/asbc-b3f7a/locations/europe-west2/functions/get_new_by_id","httpsTrigger":{"url":"https://europe-west2-asbc-b3f7a.cloudfunctions.net/get_new_by_id","securityLevel":"SECURE_ALWAYS"},"status":"ACTIVE","entryPoint":"get_new_by_id","timeout":"60s","availableMemoryMb":256,"serviceAccountEmail":"asbc-b3f7a@appspot.gserviceaccount.com","updateTime":"2022-10-06T03:03:48.586Z","versionId":"5","labels":{"deployment-tool":"cli-firebase"},"sourceUploadUrl":"https://storage.googleapis.com/uploads-65146518682.europe-west2.cloudfunctions.appspot.com/4bfa726d-8696-4a3c-bf78-cad24697ff73.zip","environmentVariables":{"FIREBASE_CONFIG":"{\"projectId\":\"asbc-b3f7a\",\"storageBucket\":\"asbc-b3f7a.appspot.com\",\"locationId\":\"europe-west\"}","GCLOUD_PROJECT":"asbc-b3f7a"},"runtime":"nodejs14","ingressSettings":"ALLOW_ALL","buildId":"31f80265-48f3-43d8-95ed-0ca122d7c1e6","buildName":"projects/702707525159/locations/europe-west2/builds/31f80265-48f3-43d8-95ed-0ca122d7c1e6","dockerRegistry":"ARTIFACT_REGISTRY"},{"name":"projects/asbc-b3f7a/locations/europe-west2/functions/homepage_articles","httpsTrigger":{"url":"https://europe-west2-asbc-b3f7a.cloudfunctions.net/homepage_articles","securityLevel":"SECURE_ALWAYS"},"status":"ACTIVE","entryPoint":"homepage_articles","timeout":"60s","availableMemoryMb":256,"serviceAccountEmail":"asbc-b3f7a@appspot.gserviceaccount.com","updateTime":"2022-10-06T03:03:51.663Z","versionId":"8","labels":{"deployment-tool":"cli-firebase"},"sourceUploadUrl":"https://storage.googleapis.com/uploads-65146518682.europe-west2.cloudfunctions.appspot.com/4bfa726d-8696-4a3c-bf78-cad24697ff73.zip","environmentVariables":{"FIREBASE_CONFIG":"{\"projectId\":\"asbc-b3f7a\",\"storageBucket\":\"asbc-b3f7a.appspot.com\",\"locationId\":\"europe-west\"}","GCLOUD_PROJECT":"asbc-b3f7a"},"runtime":"nodejs14","ingressSettings":"ALLOW_ALL","buildId":"31f80265-48f3-43d8-95ed-0ca122d7c1e6","buildName":"projects/702707525159/locations/europe-west2/builds/31f80265-48f3-43d8-95ed-0ca122d7c1e6","dockerRegistry":"ARTIFACT_REGISTRY"},{"name":"projects/asbc-b3f7a/locations/europe-west2/functions/homepage_events","httpsTrigger":{"url":"https://europe-west2-asbc-b3f7a.cloudfunctions.net/homepage_events","securityLevel":"SECURE_ALWAYS"},"status":"ACTIVE","entryPoint":"homepage_events","timeout":"60s","availableMemoryMb":256,"serviceAccountEmail":"asbc-b3f7a@appspot.gserviceaccount.com","updateTime":"2022-10-06T03:03:52.904Z","versionId":"8","labels":{"deployment-tool":"cli-firebase"},"sourceUploadUrl":"https://storage.googleapis.com/uploads-65146518682.europe-west2.cloudfunctions.appspot.com/4bfa726d-8696-4a3c-bf78-cad24697ff73.zip","environmentVariables":{"FIREBASE_CONFIG":"{\"projectId\":\"asbc-b3f7a\",\"storageBucket\":\"asbc-b3f7a.appspot.com\",\"locationId\":\"europe-west\"}","GCLOUD_PROJECT":"asbc-b3f7a"},"runtime":"nodejs14","ingressSettings":"ALLOW_ALL","buildId":"31f80265-48f3-43d8-95ed-0ca122d7c1e6","buildName":"projects/702707525159/locations/europe-west2/builds/31f80265-48f3-43d8-95ed-0ca122d7c1e6","dockerRegistry":"ARTIFACT_REGISTRY"},{"name":"projects/asbc-b3f7a/locations/europe-west2/functions/homepage_images","httpsTrigger":{"url":"https://europe-west2-asbc-b3f7a.cloudfunctions.net/homepage_images","securityLevel":"SECURE_ALWAYS"},"status":"ACTIVE","entryPoint":"homepage_images","timeout":"60s","availableMemoryMb":256,"serviceAccountEmail":"asbc-b3f7a@appspot.gserviceaccount.com","updateTime":"2022-10-06T03:03:37.908Z","versionId":"8","labels":{"deployment-tool":"cli-firebase"},"sourceUploadUrl":"https://storage.googleapis.com/uploads-65146518682.europe-west2.cloudfunctions.appspot.com/4bfa726d-8696-4a3c-bf78-cad24697ff73.zip","environmentVariables":{"FIREBASE_CONFIG":"{\"projectId\":\"asbc-b3f7a\",\"storageBucket\":\"asbc-b3f7a.appspot.com\",\"locationId\":\"europe-west\"}","GCLOUD_PROJECT":"asbc-b3f7a"},"runtime":"nodejs14","ingressSettings":"ALLOW_ALL","buildId":"31f80265-48f3-43d8-95ed-0ca122d7c1e6","buildName":"projects/702707525159/locations/europe-west2/builds/31f80265-48f3-43d8-95ed-0ca122d7c1e6","dockerRegistry":"ARTIFACT_REGISTRY"},{"name":"projects/asbc-b3f7a/locations/europe-west2/functions/homepage_social_videos","httpsTrigger":{"url":"https://europe-west2-asbc-b3f7a.cloudfunctions.net/homepage_social_videos","securityLevel":"SECURE_ALWAYS"},"status":"ACTIVE","entryPoint":"homepage_social_videos","timeout":"60s","availableMemoryMb":256,"serviceAccountEmail":"asbc-b3f7a@appspot.gserviceaccount.com","updateTime":"2022-10-06T03:03:51.424Z","versionId":"8","labels":{"deployment-tool":"cli-firebase"},"sourceUploadUrl":"https://storage.googleapis.com/uploads-65146518682.europe-west2.cloudfunctions.appspot.com/4bfa726d-8696-4a3c-bf78-cad24697ff73.zip","environmentVariables":{"FIREBASE_CONFIG":"{\"projectId\":\"asbc-b3f7a\",\"storageBucket\":\"asbc-b3f7a.appspot.com\",\"locationId\":\"europe-west\"}","GCLOUD_PROJECT":"asbc-b3f7a"},"runtime":"nodejs14","ingressSettings":"ALLOW_ALL","buildId":"31f80265-48f3-43d8-95ed-0ca122d7c1e6","buildName":"projects/702707525159/locations/europe-west2/builds/31f80265-48f3-43d8-95ed-0ca122d7c1e6","dockerRegistry":"ARTIFACT_REGISTRY"},{"name":"projects/asbc-b3f7a/locations/europe-west2/functions/social_videos","httpsTrigger":{"url":"https://europe-west2-asbc-b3f7a.cloudfunctions.net/social_videos","securityLevel":"SECURE_ALWAYS"},"status":"ACTIVE","entryPoint":"social_videos","timeout":"60s","availableMemoryMb":256,"serviceAccountEmail":"asbc-b3f7a@appspot.gserviceaccount.com","updateTime":"2022-10-06T03:03:49.223Z","versionId":"8","labels":{"deployment-tool":"cli-firebase"},"sourceUploadUrl":"https://storage.googleapis.com/uploads-65146518682.europe-west2.cloudfunctions.appspot.com/4bfa726d-8696-4a3c-bf78-cad24697ff73.zip","environmentVariables":{"FIREBASE_CONFIG":"{\"projectId\":\"asbc-b3f7a\",\"storageBucket\":\"asbc-b3f7a.appspot.com\",\"locationId\":\"europe-west\"}","GCLOUD_PROJECT":"asbc-b3f7a"},"runtime":"nodejs14","ingressSettings":"ALLOW_ALL","buildId":"31f80265-48f3-43d8-95ed-0ca122d7c1e6","buildName":"projects/702707525159/locations/europe-west2/builds/31f80265-48f3-43d8-95ed-0ca122d7c1e6","dockerRegistry":"ARTIFACT_REGISTRY"}]}
[debug] [2022-10-06T03:16:58.699Z] >>> [apiv2][query] GET https://cloudfunctions.googleapis.com/v2/projects/asbc-b3f7a/locations/-/functions filter=environment%3D%22GEN_2%22
[debug] [2022-10-06T03:16:59.844Z] <<< [apiv2][status] GET https://cloudfunctions.googleapis.com/v2/projects/asbc-b3f7a/locations/-/functions 200
[debug] [2022-10-06T03:16:59.844Z] <<< [apiv2][body] GET https://cloudfunctions.googleapis.com/v2/projects/asbc-b3f7a/locations/-/functions {}
[debug] [2022-10-06T03:16:59.850Z] >>> [apiv2][query] GET https://firebase.googleapis.com/v1beta1/projects/asbc-b3f7a [none]
[debug] [2022-10-06T03:17:00.114Z] <<< [apiv2][status] GET https://firebase.googleapis.com/v1beta1/projects/asbc-b3f7a 200
[debug] [2022-10-06T03:17:00.114Z] <<< [apiv2][body] GET https://firebase.googleapis.com/v1beta1/projects/asbc-b3f7a {"projectId":"asbc-b3f7a","projectNumber":"702707525159","displayName":"ASBC","name":"projects/asbc-b3f7a","resources":{"hostingSite":"asbc-b3f7a","storageBucket":"asbc-b3f7a.appspot.com","locationId":"europe-west"},"state":"ACTIVE","etag":"1_754a847b-b194-4b68-b5ff-533ac8aa9419"}
[debug] [2022-10-06T03:17:00.114Z] >>> [apiv2][query] GET https://firebase.googleapis.com/v1beta1/projects/asbc-b3f7a [none]
[debug] [2022-10-06T03:17:00.503Z] <<< [apiv2][status] GET https://firebase.googleapis.com/v1beta1/projects/asbc-b3f7a 200
[debug] [2022-10-06T03:17:00.504Z] <<< [apiv2][body] GET https://firebase.googleapis.com/v1beta1/projects/asbc-b3f7a {"projectId":"asbc-b3f7a","projectNumber":"702707525159","displayName":"ASBC","name":"projects/asbc-b3f7a","resources":{"hostingSite":"asbc-b3f7a","storageBucket":"asbc-b3f7a.appspot.com","locationId":"europe-west"},"state":"ACTIVE","etag":"1_754a847b-b194-4b68-b5ff-533ac8aa9419"}
[debug] [2022-10-06T03:17:00.504Z] >>> [apiv2][query] GET https://firebase.googleapis.com/v1beta1/projects/asbc-b3f7a [none]
[debug] [2022-10-06T03:17:00.807Z] <<< [apiv2][status] GET https://firebase.googleapis.com/v1beta1/projects/asbc-b3f7a 200
[debug] [2022-10-06T03:17:00.808Z] <<< [apiv2][body] GET https://firebase.googleapis.com/v1beta1/projects/asbc-b3f7a {"projectId":"asbc-b3f7a","projectNumber":"702707525159","displayName":"ASBC","name":"projects/asbc-b3f7a","resources":{"hostingSite":"asbc-b3f7a","storageBucket":"asbc-b3f7a.appspot.com","locationId":"europe-west"},"state":"ACTIVE","etag":"1_754a847b-b194-4b68-b5ff-533ac8aa9419"}
[debug] [2022-10-06T03:17:00.808Z] >>> [apiv2][query] GET https://firebase.googleapis.com/v1beta1/projects/asbc-b3f7a [none]
[debug] [2022-10-06T03:17:01.118Z] <<< [apiv2][status] GET https://firebase.googleapis.com/v1beta1/projects/asbc-b3f7a 200
[debug] [2022-10-06T03:17:01.118Z] <<< [apiv2][body] GET https://firebase.googleapis.com/v1beta1/projects/asbc-b3f7a {"projectId":"asbc-b3f7a","projectNumber":"702707525159","displayName":"ASBC","name":"projects/asbc-b3f7a","resources":{"hostingSite":"asbc-b3f7a","storageBucket":"asbc-b3f7a.appspot.com","locationId":"europe-west"},"state":"ACTIVE","etag":"1_754a847b-b194-4b68-b5ff-533ac8aa9419"}
[debug] [2022-10-06T03:17:01.119Z] >>> [apiv2][query] GET https://firebase.googleapis.com/v1beta1/projects/asbc-b3f7a [none]
[debug] [2022-10-06T03:17:01.405Z] <<< [apiv2][status] GET https://firebase.googleapis.com/v1beta1/projects/asbc-b3f7a 200
[debug] [2022-10-06T03:17:01.405Z] <<< [apiv2][body] GET https://firebase.googleapis.com/v1beta1/projects/asbc-b3f7a {"projectId":"asbc-b3f7a","projectNumber":"702707525159","displayName":"ASBC","name":"projects/asbc-b3f7a","resources":{"hostingSite":"asbc-b3f7a","storageBucket":"asbc-b3f7a.appspot.com","locationId":"europe-west"},"state":"ACTIVE","etag":"1_754a847b-b194-4b68-b5ff-533ac8aa9419"}
[debug] [2022-10-06T03:17:01.406Z] >>> [apiv2][query] GET https://firebase.googleapis.com/v1beta1/projects/asbc-b3f7a [none]
[debug] [2022-10-06T03:17:01.659Z] <<< [apiv2][status] GET https://firebase.googleapis.com/v1beta1/projects/asbc-b3f7a 200
[debug] [2022-10-06T03:17:01.659Z] <<< [apiv2][body] GET https://firebase.googleapis.com/v1beta1/projects/asbc-b3f7a {"projectId":"asbc-b3f7a","projectNumber":"702707525159","displayName":"ASBC","name":"projects/asbc-b3f7a","resources":{"hostingSite":"asbc-b3f7a","storageBucket":"asbc-b3f7a.appspot.com","locationId":"europe-west"},"state":"ACTIVE","etag":"1_754a847b-b194-4b68-b5ff-533ac8aa9419"}
[debug] [2022-10-06T03:17:01.660Z] >>> [apiv2][query] GET https://firebase.googleapis.com/v1beta1/projects/asbc-b3f7a [none]
[debug] [2022-10-06T03:17:01.920Z] <<< [apiv2][status] GET https://firebase.googleapis.com/v1beta1/projects/asbc-b3f7a 200
[debug] [2022-10-06T03:17:01.920Z] <<< [apiv2][body] GET https://firebase.googleapis.com/v1beta1/projects/asbc-b3f7a {"projectId":"asbc-b3f7a","projectNumber":"702707525159","displayName":"ASBC","name":"projects/asbc-b3f7a","resources":{"hostingSite":"asbc-b3f7a","storageBucket":"asbc-b3f7a.appspot.com","locationId":"europe-west"},"state":"ACTIVE","etag":"1_754a847b-b194-4b68-b5ff-533ac8aa9419"}
[debug] [2022-10-06T03:17:01.920Z] >>> [apiv2][query] GET https://firebase.googleapis.com/v1beta1/projects/asbc-b3f7a [none]
[debug] [2022-10-06T03:17:02.147Z] <<< [apiv2][status] GET https://firebase.googleapis.com/v1beta1/projects/asbc-b3f7a 200
[debug] [2022-10-06T03:17:02.147Z] <<< [apiv2][body] GET https://firebase.googleapis.com/v1beta1/projects/asbc-b3f7a {"projectId":"asbc-b3f7a","projectNumber":"702707525159","displayName":"ASBC","name":"projects/asbc-b3f7a","resources":{"hostingSite":"asbc-b3f7a","storageBucket":"asbc-b3f7a.appspot.com","locationId":"europe-west"},"state":"ACTIVE","etag":"1_754a847b-b194-4b68-b5ff-533ac8aa9419"}
[debug] [2022-10-06T03:17:02.149Z] >>> [apiv2][query] POST https://cloudfunctions.googleapis.com/v1/projects/asbc-b3f7a/locations/europe-west2/functions:generateUploadUrl [none]
[debug] [2022-10-06T03:17:02.149Z] >>> [apiv2][body] POST https://cloudfunctions.googleapis.com/v1/projects/asbc-b3f7a/locations/europe-west2/functions:generateUploadUrl {}
[debug] [2022-10-06T03:17:03.370Z] <<< [apiv2][status] POST https://cloudfunctions.googleapis.com/v1/projects/asbc-b3f7a/locations/europe-west2/functions:generateUploadUrl 200
[debug] [2022-10-06T03:17:03.370Z] <<< [apiv2][body] POST https://cloudfunctions.googleapis.com/v1/projects/asbc-b3f7a/locations/europe-west2/functions:generateUploadUrl {"uploadUrl":"https://storage.googleapis.com/uploads-65146518682.europe-west2.cloudfunctions.appspot.com/ee3a1b73-cf33-4d13-ba6c-33d555217e5d.zip?GoogleAccessId=service-702707525159@gcf-admin-robot.iam.gserviceaccount.com&Expires=1665028023&Signature=NX75ARQWWl9v%2Bq5Ra6sdJCFC%2BqPBASOm0g5kKOh6sPJ3epE6VqCG%2FYCFI1OevrX%2FAymtsvtu7pDbKTRDmeZCuMLLPzw3HksnFVHcPIguwac3mHPptV1KnI5wEDpE8sC9H7ULUbT8EetoKY1B4R9NO1f1ueAjwWOEgl21r02BEXkRIQ8zSykgg22v0WZJkW4rpMrksqFPQYbDU1okcPsGi2n7u8O47NLG2BkXpMCt74oCZ87Jk4ZOSt6qr9NAek9qqZIfEFqHg10sFfzRGjvVywJ0P%2BasG3NOz%2Bvc02GLOM1%2FTFS%2FVPWIhB7BYUA%2Fw8Iu3NB7grmiezg8q7rAFNoaUw%3D%3D"}
[debug] [2022-10-06T03:17:03.371Z] >>> [apiv2][query] PUT https://storage.googleapis.com/uploads-65146518682.europe-west2.cloudfunctions.appspot.com/ee3a1b73-cf33-4d13-ba6c-33d555217e5d.zip GoogleAccessId=service-702707525159%40gcf-admin-robot.iam.gserviceaccount.com&Expires=1665028023&Signature=NX75ARQWWl9v%2Bq5Ra6sdJCFC%2BqPBASOm0g5kKOh6sPJ3epE6VqCG%2FYCFI1OevrX%2FAymtsvtu7pDbKTRDmeZCuMLLPzw3HksnFVHcPIguwac3mHPptV1KnI5wEDpE8sC9H7ULUbT8EetoKY1B4R9NO1f1ueAjwWOEgl21r02BEXkRIQ8zSykgg22v0WZJkW4rpMrksqFPQYbDU1okcPsGi2n7u8O47NLG2BkXpMCt74oCZ87Jk4ZOSt6qr9NAek9qqZIfEFqHg10sFfzRGjvVywJ0P%2BasG3NOz%2Bvc02GLOM1%2FTFS%2FVPWIhB7BYUA%2Fw8Iu3NB7grmiezg8q7rAFNoaUw%3D%3D
[debug] [2022-10-06T03:17:03.371Z] >>> [apiv2][body] PUT https://storage.googleapis.com/uploads-65146518682.europe-west2.cloudfunctions.appspot.com/ee3a1b73-cf33-4d13-ba6c-33d555217e5d.zip [stream]
[debug] [2022-10-06T03:17:03.620Z] <<< [apiv2][status] PUT https://storage.googleapis.com/uploads-65146518682.europe-west2.cloudfunctions.appspot.com/ee3a1b73-cf33-4d13-ba6c-33d555217e5d.zip 200
[debug] [2022-10-06T03:17:03.621Z] <<< [apiv2][body] PUT https://storage.googleapis.com/uploads-65146518682.europe-west2.cloudfunctions.appspot.com/ee3a1b73-cf33-4d13-ba6c-33d555217e5d.zip [omitted]
[info] ✔  functions: functions folder uploaded successfully 
[info] i  functions: updating Node.js 14 function homepage_images(europe-west2)... 
[info] i  functions: updating Node.js 14 function articles(europe-west2)... 
[info] i  functions: updating Node.js 14 function events(europe-west2)... 
[info] i  functions: updating Node.js 14 function social_videos(europe-west2)... 
[info] i  functions: updating Node.js 14 function homepage_social_videos(europe-west2)... 
[info] i  functions: updating Node.js 14 function homepage_articles(europe-west2)... 
[info] i  functions: updating Node.js 14 function homepage_events(europe-west2)... 
[info] i  functions: updating Node.js 14 function get_new_by_id(europe-west2)... 
[debug] [2022-10-06T03:17:03.627Z] >>> [apiv2][query] PATCH https://cloudfunctions.googleapis.com/v1/projects/asbc-b3f7a/locations/europe-west2/functions/homepage_images updateMask=name%2CsourceUploadUrl%2CentryPoint%2Cruntime%2CdockerRegistry%2Clabels%2ChttpsTrigger.securityLevel%2CenvironmentVariables%2CavailableMemoryMb%2CsourceToken
[debug] [2022-10-06T03:17:03.627Z] >>> [apiv2][body] PATCH https://cloudfunctions.googleapis.com/v1/projects/asbc-b3f7a/locations/europe-west2/functions/homepage_images {"name":"projects/asbc-b3f7a/locations/europe-west2/functions/homepage_images","sourceUploadUrl":"https://storage.googleapis.com/uploads-65146518682.europe-west2.cloudfunctions.appspot.com/ee3a1b73-cf33-4d13-ba6c-33d555217e5d.zip?GoogleAccessId=service-702707525159@gcf-admin-robot.iam.gserviceaccount.com&Expires=1665028023&Signature=NX75ARQWWl9v%2Bq5Ra6sdJCFC%2BqPBASOm0g5kKOh6sPJ3epE6VqCG%2FYCFI1OevrX%2FAymtsvtu7pDbKTRDmeZCuMLLPzw3HksnFVHcPIguwac3mHPptV1KnI5wEDpE8sC9H7ULUbT8EetoKY1B4R9NO1f1ueAjwWOEgl21r02BEXkRIQ8zSykgg22v0WZJkW4rpMrksqFPQYbDU1okcPsGi2n7u8O47NLG2BkXpMCt74oCZ87Jk4ZOSt6qr9NAek9qqZIfEFqHg10sFfzRGjvVywJ0P%2BasG3NOz%2Bvc02GLOM1%2FTFS%2FVPWIhB7BYUA%2Fw8Iu3NB7grmiezg8q7rAFNoaUw%3D%3D","entryPoint":"homepage_images","runtime":"nodejs14","dockerRegistry":"ARTIFACT_REGISTRY","labels":{"deployment-tool":"cli-firebase"},"httpsTrigger":{"securityLevel":"SECURE_ALWAYS"},"environmentVariables":{"FIREBASE_CONFIG":"{\"projectId\":\"asbc-b3f7a\",\"storageBucket\":\"asbc-b3f7a.appspot.com\",\"locationId\":\"europe-west\"}","GCLOUD_PROJECT":"asbc-b3f7a"},"availableMemoryMb":256}
